<?xml version="1.0" encoding="UTF-8"?>
<!-- Generated by org.testng.reporters.JUnitReportReporter -->
<testsuite hostname="DESKTOP-3N0O4DU" failures="0" tests="1" name="practice.hometest.SampleTestForScreenSht" time="10.582" errors="0" timestamp="2024-06-05T14:53:49 IST" skipped="0">
  <testcase classname="practice.hometest.SampleTestForScreenSht" name="screenShot" time="10.582"/>
</testsuite> <!-- practice.hometest.SampleTestForScreenSht -->
